This is pdfTeX, Version 3.14159265-2.6-1.40.19 (MiKTeX 2.9.6650 64-bit) (preloaded format=pdflatex 2018.4.15)  27 MAY 2019 19:47
entering extended mode
**./Tarea_KAFKA.tex
(Tarea_KAFKA.tex
LaTeX2e <2018-04-01> patch level 2
Babel <3.18> and hyphenation patterns for 75 language(s) loaded.
("C:\Users\alexs\AppData\Local\Programs\MiKTeX 2.9\tex\latex\base\article.cls"
Document Class: article 2014/09/29 v1.4h Standard LaTeX document class
("C:\Users\alexs\AppData\Local\Programs\MiKTeX 2.9\tex\latex\base\size12.clo"
File: size12.clo 2014/09/29 v1.4h Standard LaTeX file (size option)
)
\c@part=\count80
\c@section=\count81
\c@subsection=\count82
\c@subsubsection=\count83
\c@paragraph=\count84
\c@subparagraph=\count85
\c@figure=\count86
\c@table=\count87
\abovecaptionskip=\skip41
\belowcaptionskip=\skip42
\bibindent=\dimen102
) ("C:\Users\alexs\AppData\Local\Programs\MiKTeX 2.9\tex\latex\base\inputenc.st
y"
Package: inputenc 2018/04/06 v1.3b Input encoding file
\inpenc@prehook=\toks14
\inpenc@posthook=\toks15
)
("C:\Users\alexs\AppData\Local\Programs\MiKTeX 2.9\tex\generic\babel\babel.sty"
Package: babel 2018/02/14 3.18 The Babel package
("C:\Users\alexs\AppData\Local\Programs\MiKTeX 2.9\tex\generic\babel\switch.def
"
File: switch.def 2018/02/14 3.18 Babel switching mechanism
)
*************************************
* Local config file bblopts.cfg used
*
("C:\Users\alexs\AppData\Local\Programs\MiKTeX 2.9\tex\latex\arabi\bblopts.cfg"
File: bblopts.cfg 2005/09/08 v0.1 add Arabic and Farsi to "declared" options of
 babel
)
("C:\Users\alexs\AppData\Local\Programs\MiKTeX 2.9\tex\latex\babel-spanish\span
ish.ldf"
Language: spanish.ldf 2016/03/03 v5.0p Spanish support from the babel system

("C:\Users\alexs\AppData\Local\Programs\MiKTeX 2.9\tex\generic\babel\babel.def"
File: babel.def 2018/02/14 3.18 Babel common definitions
\babel@savecnt=\count88
\U@D=\dimen103

("C:\Users\alexs\AppData\Local\Programs\MiKTeX 2.9\tex\generic\babel\txtbabel.d
ef")
\bbl@dirlevel=\count89
)
\es@quottoks=\toks16
\es@quotdepth=\count90
Package babel Info: Making " an active character on input line 561.
Package babel Info: Making . an active character on input line 662.
Package babel Info: Making < an active character on input line 707.
Package babel Info: Making > an active character on input line 707.
))
("C:\Users\alexs\AppData\Local\Programs\MiKTeX 2.9\tex\latex\geometry\geometry.
sty"
Package: geometry 2018/03/24 v5.7 Page Geometry

("C:\Users\alexs\AppData\Local\Programs\MiKTeX 2.9\tex\latex\graphics\keyval.st
y"
Package: keyval 2014/10/28 v1.15 key=value parser (DPC)
\KV@toks@=\toks17
)
("C:\Users\alexs\AppData\Local\Programs\MiKTeX 2.9\tex\generic\oberdiek\ifpdf.s
ty"
Package: ifpdf 2017/03/15 v3.2 Provides the ifpdf switch
)
("C:\Users\alexs\AppData\Local\Programs\MiKTeX 2.9\tex\generic\oberdiek\ifvtex.
sty"
Package: ifvtex 2016/05/16 v1.6 Detect VTeX and its facilities (HO)
Package ifvtex Info: VTeX not detected.
)
("C:\Users\alexs\AppData\Local\Programs\MiKTeX 2.9\tex\generic\ifxetex\ifxetex.
sty"
Package: ifxetex 2010/09/12 v0.6 Provides ifxetex conditional
)
\Gm@cnth=\count91
\Gm@cntv=\count92
\c@Gm@tempcnt=\count93
\Gm@bindingoffset=\dimen104
\Gm@wd@mp=\dimen105
\Gm@odd@mp=\dimen106
\Gm@even@mp=\dimen107
\Gm@layoutwidth=\dimen108
\Gm@layoutheight=\dimen109
\Gm@layouthoffset=\dimen110
\Gm@layoutvoffset=\dimen111
\Gm@dimlist=\toks18

("C:\Users\alexs\AppData\Local\Programs\MiKTeX 2.9\tex\latex\geometry\geometry.
cfg"))
("C:\Users\alexs\AppData\Local\Programs\MiKTeX 2.9\tex\latex\fancyhdr\fancyhdr.
sty"
Package: fancyhdr 2017/06/30 v3.9a Extensive control of page headers and footer
s
\f@nch@headwidth=\skip43
\f@nch@O@elh=\skip44
\f@nch@O@erh=\skip45
\f@nch@O@olh=\skip46
\f@nch@O@orh=\skip47
\f@nch@O@elf=\skip48
\f@nch@O@erf=\skip49
\f@nch@O@olf=\skip50
\f@nch@O@orf=\skip51
)
("C:\Users\alexs\AppData\Local\Programs\MiKTeX 2.9\tex\latex\caption\caption.st
y"
Package: caption 2016/02/21 v3.3-144 Customizing captions (AR)

("C:\Users\alexs\AppData\Local\Programs\MiKTeX 2.9\tex\latex\caption\caption3.s
ty"
Package: caption3 2016/05/22 v1.7-166 caption3 kernel (AR)
Package caption3 Info: TeX engine: e-TeX on input line 67.
\captionmargin=\dimen112
\captionmargin@=\dimen113
\captionwidth=\dimen114
\caption@tempdima=\dimen115
\caption@indent=\dimen116
\caption@parindent=\dimen117
\caption@hangindent=\dimen118
)
\c@ContinuedFloat=\count94
)
("C:\Users\alexs\AppData\Local\Programs\MiKTeX 2.9\tex\latex\caption\subcaption
.sty"
Package: subcaption 2016/05/22 v1.1-161 Sub-captions (AR)
\c@subfigure=\count95
\c@subtable=\count96
)
("C:\Users\alexs\AppData\Local\Programs\MiKTeX 2.9\tex\latex\blindtext\blindtex
t.sty"
Package: blindtext 2012/01/06 V2.0 blindtext-Package

("C:\Users\alexs\AppData\Local\Programs\MiKTeX 2.9\tex\latex\tools\xspace.sty"
Package: xspace 2014/10/28 v1.13 Space after command names (DPC,MH)
)
\c@blindtext=\count97
\c@Blindtext=\count98
\c@blind@countparstart=\count99
\blind@countxx=\count100
\blindtext@numBlindtext=\count101
\blind@countyy=\count102
\c@blindlist=\count103
\c@blindlistlevel=\count104
\c@blindlist@level=\count105
\blind@listitem=\count106
\c@blind@listcount=\count107
\c@blind@levelcount=\count108
\blind@mathformula=\count109
\blind@Mathformula=\count110
\c@blind@randomcount=\count111
\c@blind@randommax=\count112
\c@blind@pangramcount=\count113
\c@blind@pangrammax=\count114
)
("C:\Users\alexs\AppData\Local\Programs\MiKTeX 2.9\tex\latex\enumitem\enumitem.
sty"
Package: enumitem 2011/09/28 v3.5.2 Customized lists
\labelindent=\skip52
\enit@outerparindent=\dimen119
\enit@toks=\toks19
\enit@inbox=\box26
\enitdp@description=\count115
)
("C:\Users\alexs\AppData\Local\Programs\MiKTeX 2.9\tex\latex\graphics\graphicx.
sty"
Package: graphicx 2017/06/01 v1.1a Enhanced LaTeX Graphics (DPC,SPQR)

("C:\Users\alexs\AppData\Local\Programs\MiKTeX 2.9\tex\latex\graphics\graphics.
sty"
Package: graphics 2017/06/25 v1.2c Standard LaTeX Graphics (DPC,SPQR)

("C:\Users\alexs\AppData\Local\Programs\MiKTeX 2.9\tex\latex\graphics\trig.sty"
Package: trig 2016/01/03 v1.10 sin cos tan (DPC)
)
("C:\Users\alexs\AppData\Local\Programs\MiKTeX 2.9\tex\latex\graphics-cfg\graph
ics.cfg"
File: graphics.cfg 2016/06/04 v1.11 sample graphics configuration
)
Package graphics Info: Driver file: pdftex.def on input line 99.

("C:\Users\alexs\AppData\Local\Programs\MiKTeX 2.9\tex\latex\graphics-def\pdfte
x.def"
File: pdftex.def 2018/01/08 v1.0l Graphics/color driver for pdftex
))
\Gin@req@height=\dimen120
\Gin@req@width=\dimen121
)
("C:\Users\alexs\AppData\Local\Programs\MiKTeX 2.9\tex\latex\adjustbox\adjustbo
x.sty"
Package: adjustbox 2018/04/08 v1.1 Adjusting TeX boxes (trim, clip, ...)

("C:\Users\alexs\AppData\Local\Programs\MiKTeX 2.9\tex\latex\xkeyval\xkeyval.st
y"
Package: xkeyval 2014/12/03 v2.7a package option processing (HA)

("C:\Users\alexs\AppData\Local\Programs\MiKTeX 2.9\tex\generic\xkeyval\xkeyval.
tex"
("C:\Users\alexs\AppData\Local\Programs\MiKTeX 2.9\tex\generic\xkeyval\xkvutils
.tex"
\XKV@toks=\toks20
\XKV@tempa@toks=\toks21
)
\XKV@depth=\count116
File: xkeyval.tex 2014/12/03 v2.7a key=value parser (HA)
))
("C:\Users\alexs\AppData\Local\Programs\MiKTeX 2.9\tex\latex\adjustbox\adjcalc.
sty"
Package: adjcalc 2012/05/16 v1.1 Provides advanced setlength with multiple back
-ends (calc, etex, pgfmath)
)
("C:\Users\alexs\AppData\Local\Programs\MiKTeX 2.9\tex\latex\adjustbox\trimclip
.sty"
Package: trimclip 2018/04/08 v1.1 Trim and clip general TeX material

("C:\Users\alexs\AppData\Local\Programs\MiKTeX 2.9\tex\latex\collectbox\collect
box.sty"
Package: collectbox 2012/05/17 v0.4b Collect macro arguments as boxes
\collectedbox=\box27
)
\tc@llx=\dimen122
\tc@lly=\dimen123
\tc@urx=\dimen124
\tc@ury=\dimen125
Package trimclip Info: Using driver 'tc-pdftex.def'.

("C:\Users\alexs\AppData\Local\Programs\MiKTeX 2.9\tex\latex\adjustbox\tc-pdfte
x.def"
File: tc-pdftex.def 2018/04/08 v2.1 Clipping driver for pdftex
))
\adjbox@Width=\dimen126
\adjbox@Height=\dimen127
\adjbox@Depth=\dimen128
\adjbox@Totalheight=\dimen129
\adjbox@pwidth=\dimen130
\adjbox@pheight=\dimen131
\adjbox@pdepth=\dimen132
\adjbox@ptotalheight=\dimen133

("C:\Users\alexs\AppData\Local\Programs\MiKTeX 2.9\tex\latex\ifoddpage\ifoddpag
e.sty"
Package: ifoddpage 2016/04/23 v1.1 Conditionals for odd/even page detection
\c@checkoddpage=\count117
)
("C:\Users\alexs\AppData\Local\Programs\MiKTeX 2.9\tex\latex\ltxmisc\varwidth.s
ty"
Package: varwidth 2009/03/30 ver 0.92;  Variable-width minipages
\@vwid@box=\box28
\sift@deathcycles=\count118
\@vwid@loff=\dimen134
\@vwid@roff=\dimen135
))
("C:\Users\alexs\AppData\Local\Programs\MiKTeX 2.9\tex\latex\tools\tabularx.sty
"
Package: tabularx 2016/02/03 v2.11b `tabularx' package (DPC)
 ("C:\Users\alexs\AppData\Local\Programs\MiKTeX 2.9\tex\latex\tools\array.sty"
Package: array 2018/04/07 v2.4g Tabular extension package (FMi)
\col@sep=\dimen136
\ar@mcellbox=\box29
\extrarowheight=\dimen137
\NC@list=\toks22
\extratabsurround=\skip53
\backup@length=\skip54
\ar@cellbox=\box30
)
\TX@col@width=\dimen138
\TX@old@table=\dimen139
\TX@old@col=\dimen140
\TX@target=\dimen141
\TX@delta=\dimen142
\TX@cols=\count119
\TX@ftn=\toks23
)
("C:\Users\alexs\AppData\Local\Programs\MiKTeX 2.9\tex\latex\biblatex\biblatex.
sty"
Package: biblatex 2018/03/04 v3.11 programmable bibliographies (PK/MW)

("C:\Users\alexs\AppData\Local\Programs\MiKTeX 2.9\tex\generic\oberdiek\pdftexc
mds.sty"
Package: pdftexcmds 2018/01/30 v0.27 Utility functions of pdfTeX for LuaTeX (HO
)

("C:\Users\alexs\AppData\Local\Programs\MiKTeX 2.9\tex\generic\oberdiek\infware
rr.sty"
Package: infwarerr 2016/05/16 v1.4 Providing info/warning/error messages (HO)
)
("C:\Users\alexs\AppData\Local\Programs\MiKTeX 2.9\tex\generic\oberdiek\ifluate
x.sty"
Package: ifluatex 2016/05/16 v1.4 Provides the ifluatex switch (HO)
Package ifluatex Info: LuaTeX not detected.
)
("C:\Users\alexs\AppData\Local\Programs\MiKTeX 2.9\tex\generic\oberdiek\ltxcmds
.sty"
Package: ltxcmds 2016/05/16 v1.23 LaTeX kernel commands for general use (HO)
)
Package pdftexcmds Info: LuaTeX not detected.
Package pdftexcmds Info: \pdf@primitive is available.
Package pdftexcmds Info: \pdf@ifprimitive is available.
Package pdftexcmds Info: \pdfdraftmode found.
)
("C:\Users\alexs\AppData\Local\Programs\MiKTeX 2.9\tex\latex\etoolbox\etoolbox.
sty"
Package: etoolbox 2018/02/11 v2.5e e-TeX tools for LaTeX (JAW)
\etb@tempcnta=\count120
)
("C:\Users\alexs\AppData\Local\Programs\MiKTeX 2.9\tex\latex\oberdiek\kvoptions
.sty"
Package: kvoptions 2016/05/16 v3.12 Key value format for package options (HO)

("C:\Users\alexs\AppData\Local\Programs\MiKTeX 2.9\tex\generic\oberdiek\kvsetke
ys.sty"
Package: kvsetkeys 2016/05/16 v1.17 Key value parser (HO)

("C:\Users\alexs\AppData\Local\Programs\MiKTeX 2.9\tex\generic\oberdiek\etexcmd
s.sty"
Package: etexcmds 2016/05/16 v1.6 Avoid name clashes with e-TeX commands (HO)
Package etexcmds Info: Could not find \expanded.
(etexcmds)             That can mean that you are not using pdfTeX 1.50 or
(etexcmds)             that some package has redefined \expanded.
(etexcmds)             In the latter case, load this package earlier.
)))
("C:\Users\alexs\AppData\Local\Programs\MiKTeX 2.9\tex\latex\logreq\logreq.sty"
Package: logreq 2010/08/04 v1.0 xml request logger
\lrq@indent=\count121
("C:\Users\alexs\AppData\Local\Programs\MiKTeX 2.9\tex\latex\logreq\logreq.def"
File: logreq.def 2010/08/04 v1.0 logreq spec v1.0
)) ("C:\Users\alexs\AppData\Local\Programs\MiKTeX 2.9\tex\latex\base\ifthen.sty
"
Package: ifthen 2014/09/29 v1.1c Standard LaTeX ifthen package (DPC)
) ("C:\Users\alexs\AppData\Local\Programs\MiKTeX 2.9\tex\latex\url\url.sty"
\Urlmuskip=\muskip10
Package: url 2013/09/16  ver 3.4  Verb mode for urls, etc.
)
("C:\Users\alexs\AppData\Local\Programs\MiKTeX 2.9\tex\latex\xstring\xstring.st
y"
("C:\Users\alexs\AppData\Local\Programs\MiKTeX 2.9\tex\generic\xstring\xstring.
tex"
\@xs@message=\write3
\integerpart=\count122
\decimalpart=\count123
)
Package: xstring 2013/10/13  v1.7c  String manipulations (C Tellechea)
)
\c@tabx@nest=\count124
\c@listtotal=\count125
\c@listcount=\count126
\c@liststart=\count127
\c@liststop=\count128
\c@citecount=\count129
\c@citetotal=\count130
\c@multicitecount=\count131
\c@multicitetotal=\count132
\c@instcount=\count133
\c@maxnames=\count134
\c@minnames=\count135
\c@maxitems=\count136
\c@minitems=\count137
\c@citecounter=\count138
\c@savedcitecounter=\count139
\c@uniquelist=\count140
\c@uniquename=\count141
\c@refsection=\count142
\c@refsegment=\count143
\c@maxextratitle=\count144
\c@maxextratitleyear=\count145
\c@maxextradate=\count146
\c@maxextraalpha=\count147
\c@abbrvpenalty=\count148
\c@highnamepenalty=\count149
\c@lownamepenalty=\count150
\c@maxparens=\count151
\c@parenlevel=\count152
\blx@tempcnta=\count153
\blx@tempcntb=\count154
\blx@tempcntc=\count155
\blx@maxsection=\count156
\blx@maxsegment@0=\count157
\blx@notetype=\count158
\blx@parenlevel@text=\count159
\blx@parenlevel@foot=\count160
\blx@sectionciteorder@0=\count161
\labelnumberwidth=\skip55
\labelalphawidth=\skip56
\biblabelsep=\skip57
\bibitemsep=\skip58
\bibnamesep=\skip59
\bibinitsep=\skip60
\bibparsep=\skip61
\bibhang=\skip62
\blx@bcfin=\read1
\blx@bcfout=\write4
\c@mincomprange=\count162
\c@maxcomprange=\count163
\c@mincompwidth=\count164
Package biblatex Info: Trying to load biblatex default data model...
Package biblatex Info: ... file 'blx-dm.def' found.

("C:\Users\alexs\AppData\Local\Programs\MiKTeX 2.9\tex\latex\biblatex\blx-dm.de
f"
File: blx-dm.def 2018/03/04 v3.11 biblatex localization (PK/MW)
)
Package biblatex Info: Trying to load biblatex custom data model...
Package biblatex Info: ... file 'biblatex-dm.cfg' not found.
\c@afterword=\count165
\c@savedafterword=\count166
\c@annotator=\count167
\c@savedannotator=\count168
\c@author=\count169
\c@savedauthor=\count170
\c@bookauthor=\count171
\c@savedbookauthor=\count172
\c@commentator=\count173
\c@savedcommentator=\count174
\c@editor=\count175
\c@savededitor=\count176
\c@editora=\count177
\c@savededitora=\count178
\c@editorb=\count179
\c@savededitorb=\count180
\c@editorc=\count181
\c@savededitorc=\count182
\c@foreword=\count183
\c@savedforeword=\count184
\c@holder=\count185
\c@savedholder=\count186
\c@introduction=\count187
\c@savedintroduction=\count188
\c@namea=\count189
\c@savednamea=\count190
\c@nameb=\count191
\c@savednameb=\count192
\c@namec=\count193
\c@savednamec=\count194
\c@translator=\count195
\c@savedtranslator=\count196
\c@shortauthor=\count197
\c@savedshortauthor=\count198
\c@shorteditor=\count199
\c@savedshorteditor=\count266
\c@labelname=\count267
\c@savedlabelname=\count268
\c@institution=\count269
\c@savedinstitution=\count270
\c@lista=\count271
\c@savedlista=\count272
\c@listb=\count273
\c@savedlistb=\count274
\c@listc=\count275
\c@savedlistc=\count276
\c@listd=\count277
\c@savedlistd=\count278
\c@liste=\count279
\c@savedliste=\count280
\c@listf=\count281
\c@savedlistf=\count282
\c@location=\count283
\c@savedlocation=\count284
\c@organization=\count285
\c@savedorganization=\count286
\c@origlocation=\count287
\c@savedoriglocation=\count288
\c@origpublisher=\count289
\c@savedorigpublisher=\count290
\c@publisher=\count291
\c@savedpublisher=\count292
\c@language=\count293
\c@savedlanguage=\count294
\c@origlanguage=\count295
\c@savedoriglanguage=\count296
\c@pageref=\count297
\c@savedpageref=\count298
\shorthandwidth=\skip63
\shortjournalwidth=\skip64
\shortserieswidth=\skip65
\shorttitlewidth=\skip66
\shortauthorwidth=\skip67
\shorteditorwidth=\skip68
\locallabelnumberwidth=\skip69
\locallabelalphawidth=\skip70
\localshorthandwidth=\skip71
\localshortjournalwidth=\skip72
\localshortserieswidth=\skip73
\localshorttitlewidth=\skip74
\localshortauthorwidth=\skip75
\localshorteditorwidth=\skip76
Package biblatex Info: Trying to load compatibility code...
Package biblatex Info: ... file 'blx-compat.def' found.

("C:\Users\alexs\AppData\Local\Programs\MiKTeX 2.9\tex\latex\biblatex\blx-compa
t.def"
File: blx-compat.def 2018/03/04 v3.11 biblatex compatibility (PK/MW)
)
Package biblatex Info: Trying to load BibTeX backend compatibility...
Package biblatex Info: ... file 'blx-bibtex.def' found.

("C:\Users\alexs\AppData\Local\Programs\MiKTeX 2.9\tex\latex\biblatex\blx-bibte
x.def"
File: blx-bibtex.def 2018/03/04 v3.11 biblatex compatibility (PK/MW)


Package biblatex Warning: Using fall-back BibTeX(8) backend:
(biblatex)                functionality may be reduced/unavailable.

)
Package biblatex Info: Trying to load generic definitions...
Package biblatex Info: ... file 'biblatex.def' found.

("C:\Users\alexs\AppData\Local\Programs\MiKTeX 2.9\tex\latex\biblatex\biblatex.
def"
File: biblatex.def 2018/03/04 v3.11 biblatex compatibility (PK/MW)
\c@textcitecount=\count299
\c@textcitetotal=\count300
\c@textcitemaxnames=\count301
\c@biburlnumpenalty=\count302
\c@biburlucpenalty=\count303
\c@biburllcpenalty=\count304
\c@smartand=\count305
)
Package biblatex Info: Trying to load bibliography style 'numeric'...
Package biblatex Info: ... file 'numeric.bbx' found.

("C:\Users\alexs\AppData\Local\Programs\MiKTeX 2.9\tex\latex\biblatex\bbx\numer
ic.bbx"
File: numeric.bbx 2018/03/04 v3.11 biblatex bibliography style (PK/MW)
Package biblatex Info: Trying to load bibliography style 'standard'...
Package biblatex Info: ... file 'standard.bbx' found.

("C:\Users\alexs\AppData\Local\Programs\MiKTeX 2.9\tex\latex\biblatex\bbx\stand
ard.bbx"
File: standard.bbx 2018/03/04 v3.11 biblatex bibliography style (PK/MW)
\c@bbx:relatedcount=\count306
\c@bbx:relatedtotal=\count307
))
Package biblatex Info: Trying to load citation style 'numeric'...
Package biblatex Info: ... file 'numeric.cbx' found.

("C:\Users\alexs\AppData\Local\Programs\MiKTeX 2.9\tex\latex\biblatex\cbx\numer
ic.cbx"
File: numeric.cbx 2018/03/04 v3.11 biblatex citation style (PK/MW)
Package biblatex Info: Redefining '\cite'.
Package biblatex Info: Redefining '\parencite'.
Package biblatex Info: Redefining '\footcite'.
Package biblatex Info: Redefining '\footcitetext'.
Package biblatex Info: Redefining '\smartcite'.
Package biblatex Info: Redefining '\supercite'.
Package biblatex Info: Redefining '\textcite'.
Package biblatex Info: Redefining '\textcites'.
Package biblatex Info: Redefining '\cites'.
Package biblatex Info: Redefining '\parencites'.
Package biblatex Info: Redefining '\smartcites'.
)
Package biblatex Info: Trying to load configuration file...
Package biblatex Info: ... file 'biblatex.cfg' found.

("C:\Users\alexs\AppData\Local\Programs\MiKTeX 2.9\tex\latex\biblatex\biblatex.
cfg"
File: biblatex.cfg 
))
("C:\Users\alexs\AppData\Local\Programs\MiKTeX 2.9\tex\latex\tcolorbox\tcolorbo
x.sty"
Package: tcolorbox 2018/03/22 version 4.13 text color boxes

("C:\Users\alexs\AppData\Local\Programs\MiKTeX 2.9\tex\latex\pgf\basiclayer\pgf
.sty"
("C:\Users\alexs\AppData\Local\Programs\MiKTeX 2.9\tex\latex\pgf\utilities\pgfr
cs.sty"
("C:\Users\alexs\AppData\Local\Programs\MiKTeX 2.9\tex\generic\pgf\utilities\pg
futil-common.tex"
\pgfutil@everybye=\toks24
\pgfutil@tempdima=\dimen143
\pgfutil@tempdimb=\dimen144

("C:\Users\alexs\AppData\Local\Programs\MiKTeX 2.9\tex\generic\pgf\utilities\pg
futil-common-lists.tex"))
("C:\Users\alexs\AppData\Local\Programs\MiKTeX 2.9\tex\generic\pgf\utilities\pg
futil-latex.def"
\pgfutil@abb=\box31

("C:\Users\alexs\AppData\Local\Programs\MiKTeX 2.9\tex\latex\ms\everyshi.sty"
Package: everyshi 2001/05/15 v3.00 EveryShipout Package (MS)
))
("C:\Users\alexs\AppData\Local\Programs\MiKTeX 2.9\tex\generic\pgf\utilities\pg
frcs.code.tex"
Package: pgfrcs 2015/08/07 v3.0.1a (rcs-revision 1.31)
))
Package: pgf 2015/08/07 v3.0.1a (rcs-revision 1.15)

("C:\Users\alexs\AppData\Local\Programs\MiKTeX 2.9\tex\latex\pgf\basiclayer\pgf
core.sty"
("C:\Users\alexs\AppData\Local\Programs\MiKTeX 2.9\tex\latex\pgf\systemlayer\pg
fsys.sty"
("C:\Users\alexs\AppData\Local\Programs\MiKTeX 2.9\tex\generic\pgf\systemlayer\
pgfsys.code.tex"
Package: pgfsys 2014/07/09 v3.0.1a (rcs-revision 1.48)

("C:\Users\alexs\AppData\Local\Programs\MiKTeX 2.9\tex\generic\pgf\utilities\pg
fkeys.code.tex"
\pgfkeys@pathtoks=\toks25
\pgfkeys@temptoks=\toks26

("C:\Users\alexs\AppData\Local\Programs\MiKTeX 2.9\tex\generic\pgf\utilities\pg
fkeysfiltered.code.tex"
\pgfkeys@tmptoks=\toks27
))
\pgf@x=\dimen145
\pgf@y=\dimen146
\pgf@xa=\dimen147
\pgf@ya=\dimen148
\pgf@xb=\dimen149
\pgf@yb=\dimen150
\pgf@xc=\dimen151
\pgf@yc=\dimen152
\w@pgf@writea=\write5
\r@pgf@reada=\read2
\c@pgf@counta=\count308
\c@pgf@countb=\count309
\c@pgf@countc=\count310
\c@pgf@countd=\count311
\t@pgf@toka=\toks28
\t@pgf@tokb=\toks29
\t@pgf@tokc=\toks30

("C:\Users\alexs\AppData\Local\Programs\MiKTeX 2.9\tex\generic\pgf\systemlayer\
pgf.cfg"
File: pgf.cfg 2008/05/14  (rcs-revision 1.7)
)
Driver file for pgf: pgfsys-pdftex.def

("C:\Users\alexs\AppData\Local\Programs\MiKTeX 2.9\tex\generic\pgf\systemlayer\
pgfsys-pdftex.def"
File: pgfsys-pdftex.def 2014/10/11  (rcs-revision 1.35)

("C:\Users\alexs\AppData\Local\Programs\MiKTeX 2.9\tex\generic\pgf\systemlayer\
pgfsys-common-pdf.def"
File: pgfsys-common-pdf.def 2013/10/10  (rcs-revision 1.13)
)))
("C:\Users\alexs\AppData\Local\Programs\MiKTeX 2.9\tex\generic\pgf\systemlayer\
pgfsyssoftpath.code.tex"
File: pgfsyssoftpath.code.tex 2013/09/09  (rcs-revision 1.9)
\pgfsyssoftpath@smallbuffer@items=\count312
\pgfsyssoftpath@bigbuffer@items=\count313
)
("C:\Users\alexs\AppData\Local\Programs\MiKTeX 2.9\tex\generic\pgf\systemlayer\
pgfsysprotocol.code.tex"
File: pgfsysprotocol.code.tex 2006/10/16  (rcs-revision 1.4)
))
("C:\Users\alexs\AppData\Local\Programs\MiKTeX 2.9\tex\latex\xcolor\xcolor.sty"
Package: xcolor 2016/05/11 v2.12 LaTeX color extensions (UK)

("C:\Users\alexs\AppData\Local\Programs\MiKTeX 2.9\tex\latex\graphics-cfg\color
.cfg"
File: color.cfg 2016/01/02 v1.6 sample color configuration
)
Package xcolor Info: Driver file: pdftex.def on input line 225.
Package xcolor Info: Model `cmy' substituted by `cmy0' on input line 1348.
Package xcolor Info: Model `hsb' substituted by `rgb' on input line 1352.
Package xcolor Info: Model `RGB' extended on input line 1364.
Package xcolor Info: Model `HTML' substituted by `rgb' on input line 1366.
Package xcolor Info: Model `Hsb' substituted by `hsb' on input line 1367.
Package xcolor Info: Model `tHsb' substituted by `hsb' on input line 1368.
Package xcolor Info: Model `HSB' substituted by `hsb' on input line 1369.
Package xcolor Info: Model `Gray' substituted by `gray' on input line 1370.
Package xcolor Info: Model `wave' substituted by `hsb' on input line 1371.
)
("C:\Users\alexs\AppData\Local\Programs\MiKTeX 2.9\tex\generic\pgf\basiclayer\p
gfcore.code.tex"
Package: pgfcore 2010/04/11 v3.0.1a (rcs-revision 1.7)

("C:\Users\alexs\AppData\Local\Programs\MiKTeX 2.9\tex\generic\pgf\math\pgfmath
.code.tex"
("C:\Users\alexs\AppData\Local\Programs\MiKTeX 2.9\tex\generic\pgf\math\pgfmath
calc.code.tex"
("C:\Users\alexs\AppData\Local\Programs\MiKTeX 2.9\tex\generic\pgf\math\pgfmath
util.code.tex")
("C:\Users\alexs\AppData\Local\Programs\MiKTeX 2.9\tex\generic\pgf\math\pgfmath
parser.code.tex"
\pgfmath@dimen=\dimen153
\pgfmath@count=\count314
\pgfmath@box=\box32
\pgfmath@toks=\toks31
\pgfmath@stack@operand=\toks32
\pgfmath@stack@operation=\toks33
)
("C:\Users\alexs\AppData\Local\Programs\MiKTeX 2.9\tex\generic\pgf\math\pgfmath
functions.code.tex"
("C:\Users\alexs\AppData\Local\Programs\MiKTeX 2.9\tex\generic\pgf\math\pgfmath
functions.basic.code.tex")
("C:\Users\alexs\AppData\Local\Programs\MiKTeX 2.9\tex\generic\pgf\math\pgfmath
functions.trigonometric.code.tex")
("C:\Users\alexs\AppData\Local\Programs\MiKTeX 2.9\tex\generic\pgf\math\pgfmath
functions.random.code.tex")
("C:\Users\alexs\AppData\Local\Programs\MiKTeX 2.9\tex\generic\pgf\math\pgfmath
functions.comparison.code.tex")
("C:\Users\alexs\AppData\Local\Programs\MiKTeX 2.9\tex\generic\pgf\math\pgfmath
functions.base.code.tex")
("C:\Users\alexs\AppData\Local\Programs\MiKTeX 2.9\tex\generic\pgf\math\pgfmath
functions.round.code.tex")
("C:\Users\alexs\AppData\Local\Programs\MiKTeX 2.9\tex\generic\pgf\math\pgfmath
functions.misc.code.tex")
("C:\Users\alexs\AppData\Local\Programs\MiKTeX 2.9\tex\generic\pgf\math\pgfmath
functions.integerarithmetics.code.tex")))
("C:\Users\alexs\AppData\Local\Programs\MiKTeX 2.9\tex\generic\pgf\math\pgfmath
float.code.tex"
\c@pgfmathroundto@lastzeros=\count315
))
("C:\Users\alexs\AppData\Local\Programs\MiKTeX 2.9\tex\generic\pgf\basiclayer\p
gfcorepoints.code.tex"
File: pgfcorepoints.code.tex 2013/10/07  (rcs-revision 1.27)
\pgf@picminx=\dimen154
\pgf@picmaxx=\dimen155
\pgf@picminy=\dimen156
\pgf@picmaxy=\dimen157
\pgf@pathminx=\dimen158
\pgf@pathmaxx=\dimen159
\pgf@pathminy=\dimen160
\pgf@pathmaxy=\dimen161
\pgf@xx=\dimen162
\pgf@xy=\dimen163
\pgf@yx=\dimen164
\pgf@yy=\dimen165
\pgf@zx=\dimen166
\pgf@zy=\dimen167
)
("C:\Users\alexs\AppData\Local\Programs\MiKTeX 2.9\tex\generic\pgf\basiclayer\p
gfcorepathconstruct.code.tex"
File: pgfcorepathconstruct.code.tex 2013/10/07  (rcs-revision 1.29)
\pgf@path@lastx=\dimen168
\pgf@path@lasty=\dimen169
)
("C:\Users\alexs\AppData\Local\Programs\MiKTeX 2.9\tex\generic\pgf\basiclayer\p
gfcorepathusage.code.tex"
File: pgfcorepathusage.code.tex 2014/11/02  (rcs-revision 1.24)
\pgf@shorten@end@additional=\dimen170
\pgf@shorten@start@additional=\dimen171
)
("C:\Users\alexs\AppData\Local\Programs\MiKTeX 2.9\tex\generic\pgf\basiclayer\p
gfcorescopes.code.tex"
File: pgfcorescopes.code.tex 2015/05/08  (rcs-revision 1.46)
\pgfpic=\box33
\pgf@hbox=\box34
\pgf@layerbox@main=\box35
\pgf@picture@serial@count=\count316
)
("C:\Users\alexs\AppData\Local\Programs\MiKTeX 2.9\tex\generic\pgf\basiclayer\p
gfcoregraphicstate.code.tex"
File: pgfcoregraphicstate.code.tex 2014/11/02  (rcs-revision 1.12)
\pgflinewidth=\dimen172
)
("C:\Users\alexs\AppData\Local\Programs\MiKTeX 2.9\tex\generic\pgf\basiclayer\p
gfcoretransformations.code.tex"
File: pgfcoretransformations.code.tex 2015/08/07  (rcs-revision 1.20)
\pgf@pt@x=\dimen173
\pgf@pt@y=\dimen174
\pgf@pt@temp=\dimen175
)
("C:\Users\alexs\AppData\Local\Programs\MiKTeX 2.9\tex\generic\pgf\basiclayer\p
gfcorequick.code.tex"
File: pgfcorequick.code.tex 2008/10/09  (rcs-revision 1.3)
)
("C:\Users\alexs\AppData\Local\Programs\MiKTeX 2.9\tex\generic\pgf\basiclayer\p
gfcoreobjects.code.tex"
File: pgfcoreobjects.code.tex 2006/10/11  (rcs-revision 1.2)
)
("C:\Users\alexs\AppData\Local\Programs\MiKTeX 2.9\tex\generic\pgf\basiclayer\p
gfcorepathprocessing.code.tex"
File: pgfcorepathprocessing.code.tex 2013/09/09  (rcs-revision 1.9)
)
("C:\Users\alexs\AppData\Local\Programs\MiKTeX 2.9\tex\generic\pgf\basiclayer\p
gfcorearrows.code.tex"
File: pgfcorearrows.code.tex 2015/05/14  (rcs-revision 1.43)
\pgfarrowsep=\dimen176
)
("C:\Users\alexs\AppData\Local\Programs\MiKTeX 2.9\tex\generic\pgf\basiclayer\p
gfcoreshade.code.tex"
File: pgfcoreshade.code.tex 2013/07/15  (rcs-revision 1.15)
\pgf@max=\dimen177
\pgf@sys@shading@range@num=\count317
)
("C:\Users\alexs\AppData\Local\Programs\MiKTeX 2.9\tex\generic\pgf\basiclayer\p
gfcoreimage.code.tex"
File: pgfcoreimage.code.tex 2013/07/15  (rcs-revision 1.18)

("C:\Users\alexs\AppData\Local\Programs\MiKTeX 2.9\tex\generic\pgf\basiclayer\p
gfcoreexternal.code.tex"
File: pgfcoreexternal.code.tex 2014/07/09  (rcs-revision 1.21)
\pgfexternal@startupbox=\box36
))
("C:\Users\alexs\AppData\Local\Programs\MiKTeX 2.9\tex\generic\pgf\basiclayer\p
gfcorelayers.code.tex"
File: pgfcorelayers.code.tex 2013/07/18  (rcs-revision 1.7)
)
("C:\Users\alexs\AppData\Local\Programs\MiKTeX 2.9\tex\generic\pgf\basiclayer\p
gfcoretransparency.code.tex"
File: pgfcoretransparency.code.tex 2013/09/30  (rcs-revision 1.5)
)
("C:\Users\alexs\AppData\Local\Programs\MiKTeX 2.9\tex\generic\pgf\basiclayer\p
gfcorepatterns.code.tex"
File: pgfcorepatterns.code.tex 2013/11/07  (rcs-revision 1.5)
)))
("C:\Users\alexs\AppData\Local\Programs\MiKTeX 2.9\tex\generic\pgf\modules\pgfm
oduleshapes.code.tex"
File: pgfmoduleshapes.code.tex 2014/03/21  (rcs-revision 1.35)
\pgfnodeparttextbox=\box37
)
("C:\Users\alexs\AppData\Local\Programs\MiKTeX 2.9\tex\generic\pgf\modules\pgfm
oduleplot.code.tex"
File: pgfmoduleplot.code.tex 2015/08/03  (rcs-revision 1.13)
)
("C:\Users\alexs\AppData\Local\Programs\MiKTeX 2.9\tex\latex\pgf\compatibility\
pgfcomp-version-0-65.sty"
Package: pgfcomp-version-0-65 2007/07/03 v3.0.1a (rcs-revision 1.7)
\pgf@nodesepstart=\dimen178
\pgf@nodesepend=\dimen179
)
("C:\Users\alexs\AppData\Local\Programs\MiKTeX 2.9\tex\latex\pgf\compatibility\
pgfcomp-version-1-18.sty"
Package: pgfcomp-version-1-18 2007/07/23 v3.0.1a (rcs-revision 1.1)
))
("C:\Users\alexs\AppData\Local\Programs\MiKTeX 2.9\tex\latex\tools\verbatim.sty
"
Package: verbatim 2014/10/28 v1.5q LaTeX2e package for verbatim enhancements
\every@verbatim=\toks34
\verbatim@line=\toks35
\verbatim@in@stream=\read3
)
("C:\Users\alexs\AppData\Local\Programs\MiKTeX 2.9\tex\latex\environ\environ.st
y"
Package: environ 2014/05/04 v0.3 A new way to define environments

("C:\Users\alexs\AppData\Local\Programs\MiKTeX 2.9\tex\latex\trimspaces\trimspa
ces.sty"
Package: trimspaces 2009/09/17 v1.1 Trim spaces around a token list
)
\@envbody=\toks36
)
\tcb@titlebox=\box38
\tcb@upperbox=\box39
\tcb@lowerbox=\box40
\tcb@phantombox=\box41
\c@tcbbreakpart=\count318
\c@tcblayer=\count319
\tcolorbox@number=\count320
\tcb@temp=\box42
\tcb@temp=\box43
\tcb@temp=\box44
\tcb@temp=\box45
\tcb@out=\write6
\tcb@record@out=\write7
)
("C:\Users\alexs\AppData\Local\Programs\MiKTeX 2.9\tex\latex\hyperref\hyperref.
sty"
Package: hyperref 2018/02/06 v6.86b Hypertext links for LaTeX

("C:\Users\alexs\AppData\Local\Programs\MiKTeX 2.9\tex\generic\oberdiek\hobsub-
hyperref.sty"
Package: hobsub-hyperref 2016/05/16 v1.14 Bundle oberdiek, subset hyperref (HO)


("C:\Users\alexs\AppData\Local\Programs\MiKTeX 2.9\tex\generic\oberdiek\hobsub-
generic.sty"
Package: hobsub-generic 2016/05/16 v1.14 Bundle oberdiek, subset generic (HO)
Package: hobsub 2016/05/16 v1.14 Construct package bundles (HO)
Package hobsub Info: Skipping package `infwarerr' (already loaded).
Package hobsub Info: Skipping package `ltxcmds' (already loaded).
Package hobsub Info: Skipping package `ifluatex' (already loaded).
Package hobsub Info: Skipping package `ifvtex' (already loaded).
Package: intcalc 2016/05/16 v1.2 Expandable calculations with integers (HO)
Package hobsub Info: Skipping package `ifpdf' (already loaded).
Package hobsub Info: Skipping package `etexcmds' (already loaded).
Package hobsub Info: Skipping package `kvsetkeys' (already loaded).
Package: kvdefinekeys 2016/05/16 v1.4 Define keys (HO)
Package hobsub Info: Skipping package `pdftexcmds' (already loaded).
Package: pdfescape 2016/05/16 v1.14 Implements pdfTeX's escape features (HO)
Package: bigintcalc 2016/05/16 v1.4 Expandable calculations on big integers (HO
)
Package: bitset 2016/05/16 v1.2 Handle bit-vector datatype (HO)
Package: uniquecounter 2016/05/16 v1.3 Provide unlimited unique counter (HO)
)
Package hobsub Info: Skipping package `hobsub' (already loaded).
Package: letltxmacro 2016/05/16 v1.5 Let assignment for LaTeX macros (HO)
Package: hopatch 2016/05/16 v1.3 Wrapper for package hooks (HO)
Package: xcolor-patch 2016/05/16 xcolor patch
Package: atveryend 2016/05/16 v1.9 Hooks at the very end of document (HO)
Package: atbegshi 2016/06/09 v1.18 At begin shipout hook (HO)
Package: refcount 2016/05/16 v3.5 Data extraction from label references (HO)
Package: hycolor 2016/05/16 v1.8 Color options for hyperref/bookmark (HO)
)
("C:\Users\alexs\AppData\Local\Programs\MiKTeX 2.9\tex\latex\oberdiek\auxhook.s
ty"
Package: auxhook 2016/05/16 v1.4 Hooks for auxiliary files (HO)
)
\@linkdim=\dimen180
\Hy@linkcounter=\count321
\Hy@pagecounter=\count322

("C:\Users\alexs\AppData\Local\Programs\MiKTeX 2.9\tex\latex\hyperref\pd1enc.de
f"
File: pd1enc.def 2018/02/06 v6.86b Hyperref: PDFDocEncoding definition (HO)
Now handling font encoding PD1 ...
... no UTF-8 mapping file for font encoding PD1
)
\Hy@SavedSpaceFactor=\count323

("C:\Users\alexs\AppData\Local\Programs\MiKTeX 2.9\tex\latex\00miktex\hyperref.
cfg"
File: hyperref.cfg 2002/06/06 v1.2 hyperref configuration of TeXLive
)
Package hyperref Info: Hyper figures OFF on input line 4509.
Package hyperref Info: Link nesting OFF on input line 4514.
Package hyperref Info: Hyper index ON on input line 4517.
Package hyperref Info: Plain pages OFF on input line 4524.
Package hyperref Info: Backreferencing OFF on input line 4529.
Package hyperref Info: Implicit mode ON; LaTeX internals redefined.
Package hyperref Info: Bookmarks ON on input line 4762.
\c@Hy@tempcnt=\count324
LaTeX Info: Redefining \url on input line 5115.
\XeTeXLinkMargin=\dimen181
\Fld@menulength=\count325
\Field@Width=\dimen182
\Fld@charsize=\dimen183
Package hyperref Info: Hyper figures OFF on input line 6369.
Package hyperref Info: Link nesting OFF on input line 6374.
Package hyperref Info: Hyper index ON on input line 6377.
Package hyperref Info: backreferencing OFF on input line 6384.
Package hyperref Info: Link coloring OFF on input line 6389.
Package hyperref Info: Link coloring with OCG OFF on input line 6394.
Package hyperref Info: PDF/A mode OFF on input line 6399.
LaTeX Info: Redefining \ref on input line 6439.
LaTeX Info: Redefining \pageref on input line 6443.
\Hy@abspage=\count326
\c@Item=\count327
\c@Hfootnote=\count328
)
Package hyperref Info: Driver (autodetected): hpdftex.

("C:\Users\alexs\AppData\Local\Programs\MiKTeX 2.9\tex\latex\hyperref\hpdftex.d
ef"
File: hpdftex.def 2018/02/06 v6.86b Hyperref driver for pdfTeX
\Fld@listcount=\count329
\c@bookmark@seq@number=\count330

("C:\Users\alexs\AppData\Local\Programs\MiKTeX 2.9\tex\latex\oberdiek\rerunfile
check.sty"
Package: rerunfilecheck 2016/05/16 v1.8 Rerun checks for auxiliary files (HO)
Package uniquecounter Info: New unique counter `rerunfilecheck' on input line 2
82.
)
\Hy@SectionHShift=\skip77
)
Package hyperref Info: Option `pdfnewwindow' set `true' on input line 25.
Package hyperref Info: Option `colorlinks' set `true' on input line 25.

("C:\Users\alexs\AppData\Local\Programs\MiKTeX 2.9\tex\latex\amsmath\amsmath.st
y"
Package: amsmath 2017/09/02 v2.17a AMS math features
\@mathmargin=\skip78

For additional information on amsmath, use the `?' option.

("C:\Users\alexs\AppData\Local\Programs\MiKTeX 2.9\tex\latex\amsmath\amstext.st
y"
Package: amstext 2000/06/29 v2.01 AMS text

("C:\Users\alexs\AppData\Local\Programs\MiKTeX 2.9\tex\latex\amsmath\amsgen.sty
"
File: amsgen.sty 1999/11/30 v2.0 generic functions
\@emptytoks=\toks37
\ex@=\dimen184
))
("C:\Users\alexs\AppData\Local\Programs\MiKTeX 2.9\tex\latex\amsmath\amsbsy.sty
"
Package: amsbsy 1999/11/29 v1.2d Bold Symbols
\pmbraise@=\dimen185
)
("C:\Users\alexs\AppData\Local\Programs\MiKTeX 2.9\tex\latex\amsmath\amsopn.sty
"
Package: amsopn 2016/03/08 v2.02 operator names
)
\inf@bad=\count331
LaTeX Info: Redefining \frac on input line 213.
\uproot@=\count332
\leftroot@=\count333
LaTeX Info: Redefining \overline on input line 375.
\classnum@=\count334
\DOTSCASE@=\count335
LaTeX Info: Redefining \ldots on input line 472.
LaTeX Info: Redefining \dots on input line 475.
LaTeX Info: Redefining \cdots on input line 596.
\Mathstrutbox@=\box46
\strutbox@=\box47
\big@size=\dimen186
LaTeX Font Info:    Redeclaring font encoding OML on input line 712.
LaTeX Font Info:    Redeclaring font encoding OMS on input line 713.
\macc@depth=\count336
\c@MaxMatrixCols=\count337
\dotsspace@=\muskip11
\c@parentequation=\count338
\dspbrk@lvl=\count339
\tag@help=\toks38
\row@=\count340
\column@=\count341
\maxfields@=\count342
\andhelp@=\toks39
\eqnshift@=\dimen187
\alignsep@=\dimen188
\tagshift@=\dimen189
\tagwidth@=\dimen190
\totwidth@=\dimen191
\lineht@=\dimen192
\@envbody=\toks40
\multlinegap=\skip79
\multlinetaggap=\skip80
\mathdisplay@stack=\toks41
LaTeX Info: Redefining \[ on input line 2817.
LaTeX Info: Redefining \] on input line 2818.
)
("C:\Users\alexs\AppData\Local\Programs\MiKTeX 2.9\tex\latex\amsfonts\amsfonts.
sty"
Package: amsfonts 2013/01/14 v3.01 Basic AMSFonts support
\symAMSa=\mathgroup4
\symAMSb=\mathgroup5
LaTeX Font Info:    Overwriting math alphabet `\mathfrak' in version `bold'
(Font)                  U/euf/m/n --> U/euf/b/n on input line 106.
)
("C:\Users\alexs\AppData\Local\Programs\MiKTeX 2.9\tex\latex\amsfonts\amssymb.s
ty"
Package: amssymb 2013/01/14 v3.01 AMS font symbols
)
("C:\Users\alexs\AppData\Local\Programs\MiKTeX 2.9\tex\latex\mathtools\mathtool
s.sty"
Package: mathtools 2018/01/08 v1.21 mathematical typesetting tools

("C:\Users\alexs\AppData\Local\Programs\MiKTeX 2.9\tex\latex\tools\calc.sty"
Package: calc 2017/05/25 v4.3 Infix arithmetic (KKT,FJ)
\calc@Acount=\count343
\calc@Bcount=\count344
\calc@Adimen=\dimen193
\calc@Bdimen=\dimen194
\calc@Askip=\skip81
\calc@Bskip=\skip82
LaTeX Info: Redefining \setlength on input line 80.
LaTeX Info: Redefining \addtolength on input line 81.
\calc@Ccount=\count345
\calc@Cskip=\skip83
)
("C:\Users\alexs\AppData\Local\Programs\MiKTeX 2.9\tex\latex\mathtools\mhsetup.
sty"
Package: mhsetup 2017/03/31 v1.3 programming setup (MH)
)
LaTeX Info: Thecontrolsequence`\('isalreadyrobust on input line 129.
LaTeX Info: Thecontrolsequence`\)'isalreadyrobust on input line 129.
LaTeX Info: Thecontrolsequence`\['isalreadyrobust on input line 129.
LaTeX Info: Thecontrolsequence`\]'isalreadyrobust on input line 129.
\g_MT_multlinerow_int=\count346
\l_MT_multwidth_dim=\dimen195
\origjot=\skip84
\l_MT_shortvdotswithinadjustabove_dim=\dimen196
\l_MT_shortvdotswithinadjustbelow_dim=\dimen197
\l_MT_above_intertext_sep=\dimen198
\l_MT_below_intertext_sep=\dimen199
\l_MT_above_shortintertext_sep=\dimen256
\l_MT_below_shortintertext_sep=\dimen257
)
("C:\Users\alexs\AppData\Local\Programs\MiKTeX 2.9\tex\latex\ncctools\nccmath.s
ty"
Package: nccmath 2005/02/21 v1.2 Additional Math Commands (NCC)
\NCC@fracrulewidth=\dimen258
)
Package biblatex Info: Trying to load language 'spanish'...
Package biblatex Info: ... file 'spanish.lbx' found.

("C:\Users\alexs\AppData\Local\Programs\MiKTeX 2.9\tex\latex\biblatex\lbx\spani
sh.lbx"
File: spanish.lbx 2018/03/04 v3.11 biblatex localization (PK/MW)
)

Package biblatex Warning: 'babel/polyglossia' detected but 'csquotes' missing.
(biblatex)                Loading 'csquotes' recommended.

\@quotelevel=\count347
\@quotereset=\count348
(Tarea_KAFKA.aux
LaTeX Info: Redefining \sptext on input line 32.
LaTeX Info: Redefining \. on input line 32.
LaTeX Info: Redefining \% on input line 32.
)
\openout1 = `Tarea_KAFKA.aux'.

LaTeX Font Info:    Checking defaults for OML/cmm/m/it on input line 71.
LaTeX Font Info:    ... okay on input line 71.
LaTeX Font Info:    Checking defaults for T1/cmr/m/n on input line 71.
LaTeX Font Info:    ... okay on input line 71.
LaTeX Font Info:    Checking defaults for OT1/cmr/m/n on input line 71.
LaTeX Font Info:    ... okay on input line 71.
LaTeX Font Info:    Checking defaults for OMS/cmsy/m/n on input line 71.
LaTeX Font Info:    ... okay on input line 71.
LaTeX Font Info:    Checking defaults for OMX/cmex/m/n on input line 71.
LaTeX Font Info:    ... okay on input line 71.
LaTeX Font Info:    Checking defaults for U/cmr/m/n on input line 71.
LaTeX Font Info:    ... okay on input line 71.
LaTeX Font Info:    Checking defaults for PD1/pdf/m/n on input line 71.
LaTeX Font Info:    ... okay on input line 71.
LaTeX Info: Redefining \sptext on input line 71.
LaTeX Info: Redefining \. on input line 71.
LaTeX Info: Redefining \% on input line 71.

*geometry* driver: auto-detecting
*geometry* detected driver: pdftex
*geometry* verbose mode - [ preamble ] result:
* driver: pdftex
* paper: a4paper
* layout: <same size as paper>
* layoutoffset:(h,v)=(0.0pt,0.0pt)
* modes: twoside 
* h-part:(L,W,R)=(71.13188pt, 455.24411pt, 71.13188pt)
* v-part:(T,H,B)=(71.13188pt, 702.78308pt, 71.13188pt)
* \paperwidth=597.50787pt
* \paperheight=845.04684pt
* \textwidth=455.24411pt
* \textheight=702.78308pt
* \oddsidemargin=-1.1381pt
* \evensidemargin=-1.1381pt
* \topmargin=-38.1381pt
* \headheight=13.6pt
* \headsep=25.0pt
* \topskip=12.0pt
* \footskip=30.0pt
* \marginparwidth=85.0pt
* \marginparsep=10.0pt
* \columnsep=10.0pt
* \skip\footins=10.8pt plus 4.0pt minus 2.0pt
* \hoffset=0.0pt
* \voffset=0.0pt
* \mag=1000
* \@twocolumnfalse
* \@twosidetrue
* \@mparswitchtrue
* \@reversemarginfalse
* (1in=72.27pt=25.4mm, 1cm=28.453pt)

Package caption Info: Begin \AtBeginDocument code.
Package caption Info: hyperref package is loaded.
Package caption Info: End \AtBeginDocument code.

("C:\Users\alexs\AppData\Local\Programs\MiKTeX 2.9\tex\context\base\supp-pdf.mk
ii"
[Loading MPS to PDF converter (version 2006.09.02).]
\scratchcounter=\count349
\scratchdimen=\dimen259
\scratchbox=\box48
\nofMPsegments=\count350
\nofMParguments=\count351
\everyMPshowfont=\toks42
\MPscratchCnt=\count352
\MPscratchDim=\dimen260
\MPnumerator=\count353
\makeMPintoPDFobject=\count354
\everyMPtoPDFconversion=\toks43
)
("C:\Users\alexs\AppData\Local\Programs\MiKTeX 2.9\tex\latex\oberdiek\epstopdf-
base.sty"
Package: epstopdf-base 2016/05/15 v2.6 Base part for package epstopdf

("C:\Users\alexs\AppData\Local\Programs\MiKTeX 2.9\tex\latex\oberdiek\grfext.st
y"
Package: grfext 2016/05/16 v1.2 Manage graphics extensions (HO)
)
Package epstopdf-base Info: Redefining graphics rule for `.eps' on input line 4
38.
Package grfext Info: Graphics extension search list:
(grfext)             [.pdf,.jpeg,.png,.jpg,.eps]
(grfext)             \AppendGraphicsExtensions on input line 456.
)
Package biblatex Info: Input encoding 'utf8' detected.
Package biblatex Info: Automatic encoding selection.
(biblatex)             Assuming data encoding 'utf8'.
Package biblatex Info: Input encoding 'utf8' specified.
Package biblatex Info: Data encoding 'utf8' specified.
(biblatex)             No need to reencode data.
\openout4 = `Tarea_KAFKA-blx.bib'.

Package biblatex Info: Trying to load bibliographic data...
Package biblatex Info: ... file 'Tarea_KAFKA.bbl' not found.

No file Tarea_KAFKA.bbl.
Package biblatex Info: Reference section=0 on input line 71.
Package biblatex Info: Reference segment=0 on input line 71.
ABD: EveryShipout initializing macros
\AtBeginShipoutBox=\box49
Package hyperref Info: Link coloring ON on input line 71.

("C:\Users\alexs\AppData\Local\Programs\MiKTeX 2.9\tex\latex\hyperref\nameref.s
ty"
Package: nameref 2016/05/21 v2.44 Cross-referencing by name of section

("C:\Users\alexs\AppData\Local\Programs\MiKTeX 2.9\tex\generic\oberdiek\gettitl
estring.sty"
Package: gettitlestring 2016/05/16 v1.5 Cleanup title references (HO)
)
\c@section@level=\count355
)
LaTeX Info: Redefining \ref on input line 71.
LaTeX Info: Redefining \pageref on input line 71.
LaTeX Info: Redefining \nameref on input line 71.
 (Tarea_KAFKA.out) (Tarea_KAFKA.out)
\@outlinefile=\write8
\openout8 = `Tarea_KAFKA.out'.

LaTeX Font Info:    Try loading font information for U+msa on input line 73.

("C:\Users\alexs\AppData\Local\Programs\MiKTeX 2.9\tex\latex\amsfonts\umsa.fd"
File: umsa.fd 2013/01/14 v3.01 AMS symbols A
)
LaTeX Font Info:    Try loading font information for U+msb on input line 73.
("C:\Users\alexs\AppData\Local\Programs\MiKTeX 2.9\tex\latex\amsfonts\umsb.fd"
File: umsb.fd 2013/01/14 v3.01 AMS symbols B
)
Package babel Info: Redefining spanish shorthand <<
(babel)             in language  on input line 78.
Package babel Info: Redefining spanish shorthand >>
(babel)             in language  on input line 78.
Package babel Info: Redefining spanish shorthand "=
(babel)             in language  on input line 78.
Package babel Info: Redefining spanish shorthand "~
(babel)             in language  on input line 78.
Package babel Info: Redefining spanish shorthand "!
(babel)             in language  on input line 78.
Package babel Info: Redefining spanish shorthand "?
(babel)             in language  on input line 78.
Package babel Info: Redefining spanish shorthand <<
(babel)             in language  on input line 79.
Package babel Info: Redefining spanish shorthand >>
(babel)             in language  on input line 79.
Package babel Info: Redefining spanish shorthand "=
(babel)             in language  on input line 79.
Package babel Info: Redefining spanish shorthand "~
(babel)             in language  on input line 79.
Package babel Info: Redefining spanish shorthand "!
(babel)             in language  on input line 79.
Package babel Info: Redefining spanish shorthand "?
(babel)             in language  on input line 79.
Package babel Info: Redefining spanish shorthand <<
(babel)             in language  on input line 90.
Package babel Info: Redefining spanish shorthand >>
(babel)             in language  on input line 90.
Package babel Info: Redefining spanish shorthand "=
(babel)             in language  on input line 90.
Package babel Info: Redefining spanish shorthand "~
(babel)             in language  on input line 90.
Package babel Info: Redefining spanish shorthand "!
(babel)             in language  on input line 90.
Package babel Info: Redefining spanish shorthand "?
(babel)             in language  on input line 90.
Package babel Info: Redefining spanish shorthand <<
(babel)             in language  on input line 95.
Package babel Info: Redefining spanish shorthand >>
(babel)             in language  on input line 95.
Package babel Info: Redefining spanish shorthand "=
(babel)             in language  on input line 95.
Package babel Info: Redefining spanish shorthand "~
(babel)             in language  on input line 95.
Package babel Info: Redefining spanish shorthand "!
(babel)             in language  on input line 95.
Package babel Info: Redefining spanish shorthand "?
(babel)             in language  on input line 95.
Package babel Info: Redefining spanish shorthand <<
(babel)             in language  on input line 97.
Package babel Info: Redefining spanish shorthand >>
(babel)             in language  on input line 97.
Package babel Info: Redefining spanish shorthand "=
(babel)             in language  on input line 97.
Package babel Info: Redefining spanish shorthand "~
(babel)             in language  on input line 97.
Package babel Info: Redefining spanish shorthand "!
(babel)             in language  on input line 97.
Package babel Info: Redefining spanish shorthand "?
(babel)             in language  on input line 97.
Package babel Info: Redefining spanish shorthand <<
(babel)             in language  on input line 97.
Package babel Info: Redefining spanish shorthand >>
(babel)             in language  on input line 97.
Package babel Info: Redefining spanish shorthand "=
(babel)             in language  on input line 97.
Package babel Info: Redefining spanish shorthand "~
(babel)             in language  on input line 97.
Package babel Info: Redefining spanish shorthand "!
(babel)             in language  on input line 97.
Package babel Info: Redefining spanish shorthand "?
(babel)             in language  on input line 97.
[1

{C:/Users/alexs/AppData/Local/MiKTeX/2.9/pdftex/config/pdftex.map}]
Underfull \hbox (badness 10000) in paragraph at lines 106--110

 []


Underfull \hbox (badness 10000) in paragraph at lines 110--114

 []


Underfull \hbox (badness 10000) in paragraph at lines 114--118

 []

<./Imagenes/config_all.jpg, id=42, 585.68813pt x 311.66437pt>
File: ./Imagenes/config_all.jpg Graphic file (type jpg)
<use ./Imagenes/config_all.jpg>
Package pdftex.def Info: ./Imagenes/config_all.jpg  used on input line 123.
(pdftex.def)             Requested size: 364.19667pt x 193.81009pt.
LaTeX Info: Redefining \sptext on input line 126.
LaTeX Info: Redefining \. on input line 126.
LaTeX Info: Redefining \% on input line 126.

Package Fancyhdr Warning: \headheight is too small (13.6pt): 
 Make it at least 14.49998pt.
 We now make it that large for the rest of the document.
 This may cause the page layout to be inconsistent, however.

Package babel Info: Redefining spanish shorthand <<
(babel)             in language  on input line 126.
Package babel Info: Redefining spanish shorthand >>
(babel)             in language  on input line 126.
Package babel Info: Redefining spanish shorthand "=
(babel)             in language  on input line 126.
Package babel Info: Redefining spanish shorthand "~
(babel)             in language  on input line 126.
Package babel Info: Redefining spanish shorthand "!
(babel)             in language  on input line 126.
Package babel Info: Redefining spanish shorthand "?
(babel)             in language  on input line 126.
Package babel Info: Redefining spanish shorthand <<
(babel)             in language  on input line 126.
Package babel Info: Redefining spanish shorthand >>
(babel)             in language  on input line 126.
Package babel Info: Redefining spanish shorthand "=
(babel)             in language  on input line 126.
Package babel Info: Redefining spanish shorthand "~
(babel)             in language  on input line 126.
Package babel Info: Redefining spanish shorthand "!
(babel)             in language  on input line 126.
Package babel Info: Redefining spanish shorthand "?
(babel)             in language  on input line 126.
[2 <./Imagenes/config_all.jpg>]
Package babel Info: Redefining spanish shorthand <<
(babel)             in language  on input line 127.
Package babel Info: Redefining spanish shorthand >>
(babel)             in language  on input line 127.
Package babel Info: Redefining spanish shorthand "=
(babel)             in language  on input line 127.
Package babel Info: Redefining spanish shorthand "~
(babel)             in language  on input line 127.
Package babel Info: Redefining spanish shorthand "!
(babel)             in language  on input line 127.
Package babel Info: Redefining spanish shorthand "?
(babel)             in language  on input line 127.
<./Imagenes/zookep.jpg, id=51, 642.4pt x 80.80188pt>
File: ./Imagenes/zookep.jpg Graphic file (type jpg)
<use ./Imagenes/zookep.jpg>
Package pdftex.def Info: ./Imagenes/zookep.jpg  used on input line 132.
(pdftex.def)             Requested size: 500.77129pt x 62.98944pt.

Overfull \hbox (45.52718pt too wide) in paragraph at lines 132--133
 [][] 
 []

<./Imagenes/server.jpg, id=52, 642.4pt x 98.3675pt>
File: ./Imagenes/server.jpg Graphic file (type jpg)
<use ./Imagenes/server.jpg>
Package pdftex.def Info: ./Imagenes/server.jpg  used on input line 138.
(pdftex.def)             Requested size: 500.77129pt x 76.68279pt.

Overfull \hbox (45.52718pt too wide) in paragraph at lines 138--139
 [][] 
 []

<./Imagenes/server2.jpg, id=53, 642.4pt x 99.87312pt>
File: ./Imagenes/server2.jpg Graphic file (type jpg)
<use ./Imagenes/server2.jpg>
Package pdftex.def Info: ./Imagenes/server2.jpg  used on input line 144.
(pdftex.def)             Requested size: 500.77129pt x 77.85652pt.

Overfull \hbox (45.52718pt too wide) in paragraph at lines 144--145
 [][] 
 []

<./Imagenes/server3.jpg, id=54, 642.4pt x 97.36375pt>
File: ./Imagenes/server3.jpg Graphic file (type jpg)
<use ./Imagenes/server3.jpg>
Package pdftex.def Info: ./Imagenes/server3.jpg  used on input line 149.
(pdftex.def)             Requested size: 500.77129pt x 75.90031pt.

Overfull \hbox (45.52718pt too wide) in paragraph at lines 149--150
 [][] 
 []

LaTeX Info: Redefining \sptext on input line 154.
LaTeX Info: Redefining \. on input line 154.
LaTeX Info: Redefining \% on input line 154.

Package Fancyhdr Warning: \headheight is too small (13.6pt): 
 Make it at least 14.49998pt.
 We now make it that large for the rest of the document.
 This may cause the page layout to be inconsistent, however.

Package babel Info: Redefining spanish shorthand <<
(babel)             in language  on input line 154.
Package babel Info: Redefining spanish shorthand >>
(babel)             in language  on input line 154.
Package babel Info: Redefining spanish shorthand "=
(babel)             in language  on input line 154.
Package babel Info: Redefining spanish shorthand "~
(babel)             in language  on input line 154.
Package babel Info: Redefining spanish shorthand "!
(babel)             in language  on input line 154.
Package babel Info: Redefining spanish shorthand "?
(babel)             in language  on input line 154.
Package babel Info: Redefining spanish shorthand <<
(babel)             in language  on input line 154.
Package babel Info: Redefining spanish shorthand >>
(babel)             in language  on input line 154.
Package babel Info: Redefining spanish shorthand "=
(babel)             in language  on input line 154.
Package babel Info: Redefining spanish shorthand "~
(babel)             in language  on input line 154.
Package babel Info: Redefining spanish shorthand "!
(babel)             in language  on input line 154.
Package babel Info: Redefining spanish shorthand "?
(babel)             in language  on input line 154.
[3 <./Imagenes/zookep.jpg> <./Imagenes/server.jpg> <./Imagenes/server2.jpg> <./
Imagenes/server3.jpg>]
Package babel Info: Redefining spanish shorthand <<
(babel)             in language  on input line 155.
Package babel Info: Redefining spanish shorthand >>
(babel)             in language  on input line 155.
Package babel Info: Redefining spanish shorthand "=
(babel)             in language  on input line 155.
Package babel Info: Redefining spanish shorthand "~
(babel)             in language  on input line 155.
Package babel Info: Redefining spanish shorthand "!
(babel)             in language  on input line 155.
Package babel Info: Redefining spanish shorthand "?
(babel)             in language  on input line 155.
<./Imagenes/topic_creation.jpg, id=63, 642.4pt x 218.31563pt>
File: ./Imagenes/topic_creation.jpg Graphic file (type jpg)
<use ./Imagenes/topic_creation.jpg>
Package pdftex.def Info: ./Imagenes/topic_creation.jpg  used on input line 169.

(pdftex.def)             Requested size: 500.77129pt x 170.18889pt.

Overfull \hbox (45.52718pt too wide) in paragraph at lines 169--170
 [][] 
 []

LaTeX Info: Redefining \sptext on input line 181.
LaTeX Info: Redefining \. on input line 181.
LaTeX Info: Redefining \% on input line 181.

Package Fancyhdr Warning: \headheight is too small (13.6pt): 
 Make it at least 14.49998pt.
 We now make it that large for the rest of the document.
 This may cause the page layout to be inconsistent, however.

Package babel Info: Redefining spanish shorthand <<
(babel)             in language  on input line 181.
Package babel Info: Redefining spanish shorthand >>
(babel)             in language  on input line 181.
Package babel Info: Redefining spanish shorthand "=
(babel)             in language  on input line 181.
Package babel Info: Redefining spanish shorthand "~
(babel)             in language  on input line 181.
Package babel Info: Redefining spanish shorthand "!
(babel)             in language  on input line 181.
Package babel Info: Redefining spanish shorthand "?
(babel)             in language  on input line 181.
Package babel Info: Redefining spanish shorthand <<
(babel)             in language  on input line 181.
Package babel Info: Redefining spanish shorthand >>
(babel)             in language  on input line 181.
Package babel Info: Redefining spanish shorthand "=
(babel)             in language  on input line 181.
Package babel Info: Redefining spanish shorthand "~
(babel)             in language  on input line 181.
Package babel Info: Redefining spanish shorthand "!
(babel)             in language  on input line 181.
Package babel Info: Redefining spanish shorthand "?
(babel)             in language  on input line 181.
[4 <./Imagenes/topic_creation.jpg>]
Underfull \hbox (badness 10000) in paragraph at lines 182--183

 []


Underfull \hbox (badness 10000) in paragraph at lines 192--195

 []


Overfull \hbox (1.3804pt too wide) in paragraph at lines 192--195
\OT1/cmr/m/n/12 pu-bli-ca-dos, con fil-tro que se desee uti-li-zar (mo-di-fi-ca
r el cam-po $\OML/cmm/m/it/12 stream:filter\OT1/cmr/m/n/12 (\OML/cmm/m/it/12 tr
ack \OT1/cmr/m/n/12 =
 []


Underfull \hbox (badness 10000) in paragraph at lines 197--201

 []


Underfull \hbox (badness 10000) in paragraph at lines 197--201

 []


Underfull \hbox (badness 10000) in paragraph at lines 202--204

 []


Underfull \hbox (badness 10000) in paragraph at lines 202--204

 []

LaTeX Info: Redefining \sptext on input line 204.
LaTeX Info: Redefining \. on input line 204.
LaTeX Info: Redefining \% on input line 204.

Package Fancyhdr Warning: \headheight is too small (13.6pt): 
 Make it at least 14.49998pt.
 We now make it that large for the rest of the document.
 This may cause the page layout to be inconsistent, however.

Package babel Info: Redefining spanish shorthand <<
(babel)             in language  on input line 204.
Package babel Info: Redefining spanish shorthand >>
(babel)             in language  on input line 204.
Package babel Info: Redefining spanish shorthand "=
(babel)             in language  on input line 204.
Package babel Info: Redefining spanish shorthand "~
(babel)             in language  on input line 204.
Package babel Info: Redefining spanish shorthand "!
(babel)             in language  on input line 204.
Package babel Info: Redefining spanish shorthand "?
(babel)             in language  on input line 204.
Package babel Info: Redefining spanish shorthand <<
(babel)             in language  on input line 204.
Package babel Info: Redefining spanish shorthand >>
(babel)             in language  on input line 204.
Package babel Info: Redefining spanish shorthand "=
(babel)             in language  on input line 204.
Package babel Info: Redefining spanish shorthand "~
(babel)             in language  on input line 204.
Package babel Info: Redefining spanish shorthand "!
(babel)             in language  on input line 204.
Package babel Info: Redefining spanish shorthand "?
(babel)             in language  on input line 204.
[5]
LaTeX Font Info:    Try loading font information for OMS+cmr on input line 207.

 ("C:\Users\alexs\AppData\Local\Programs\MiKTeX 2.9\tex\latex\base\omscmr.fd"
File: omscmr.fd 2014/09/29 v2.5h Standard LaTeX font definitions
)
LaTeX Font Info:    Font shape `OMS/cmr/m/n' in size <12> not available
(Font)              Font shape `OMS/cmsy/m/n' tried instead on input line 207.
LaTeX Font Info:    Try loading font information for OML+cmr on input line 207.

 ("C:\Users\alexs\AppData\Local\Programs\MiKTeX 2.9\tex\latex\base\omlcmr.fd"
File: omlcmr.fd 2014/09/29 v2.5h Standard LaTeX font definitions
)
LaTeX Font Info:    Font shape `OML/cmr/m/n' in size <12> not available
(Font)              Font shape `OML/cmm/m/it' tried instead on input line 207.

Underfull \hbox (badness 10000) in paragraph at lines 214--217

 []


Underfull \hbox (badness 10000) in paragraph at lines 217--220

 []


Underfull \hbox (badness 10000) in paragraph at lines 220--223

 []

LaTeX Info: Redefining \sptext on input line 224.
LaTeX Info: Redefining \. on input line 224.
LaTeX Info: Redefining \% on input line 224.

Package Fancyhdr Warning: \headheight is too small (13.6pt): 
 Make it at least 14.49998pt.
 We now make it that large for the rest of the document.
 This may cause the page layout to be inconsistent, however.

Package babel Info: Redefining spanish shorthand <<
(babel)             in language  on input line 224.
Package babel Info: Redefining spanish shorthand >>
(babel)             in language  on input line 224.
Package babel Info: Redefining spanish shorthand "=
(babel)             in language  on input line 224.
Package babel Info: Redefining spanish shorthand "~
(babel)             in language  on input line 224.
Package babel Info: Redefining spanish shorthand "!
(babel)             in language  on input line 224.
Package babel Info: Redefining spanish shorthand "?
(babel)             in language  on input line 224.
Package babel Info: Redefining spanish shorthand <<
(babel)             in language  on input line 224.
Package babel Info: Redefining spanish shorthand >>
(babel)             in language  on input line 224.
Package babel Info: Redefining spanish shorthand "=
(babel)             in language  on input line 224.
Package babel Info: Redefining spanish shorthand "~
(babel)             in language  on input line 224.
Package babel Info: Redefining spanish shorthand "!
(babel)             in language  on input line 224.
Package babel Info: Redefining spanish shorthand "?
(babel)             in language  on input line 224.
[6]
Package babel Info: Redefining spanish shorthand <<
(babel)             in language  on input line 225.
Package babel Info: Redefining spanish shorthand >>
(babel)             in language  on input line 225.
Package babel Info: Redefining spanish shorthand "=
(babel)             in language  on input line 225.
Package babel Info: Redefining spanish shorthand "~
(babel)             in language  on input line 225.
Package babel Info: Redefining spanish shorthand "!
(babel)             in language  on input line 225.
Package babel Info: Redefining spanish shorthand "?
(babel)             in language  on input line 225.

Underfull \hbox (badness 10000) in paragraph at lines 227--230

 []

<./Imagenes/inicio_codigo.jpg, id=80, 642.4pt x 111.91812pt>
File: ./Imagenes/inicio_codigo.jpg Graphic file (type jpg)
<use ./Imagenes/inicio_codigo.jpg>
Package pdftex.def Info: ./Imagenes/inicio_codigo.jpg  used on input line 245.
(pdftex.def)             Requested size: 500.77129pt x 87.24625pt.

Overfull \hbox (45.52718pt too wide) in paragraph at lines 245--246
 [][] 
 []

<./Imagenes/intermedio_codigo.jpg, id=81, 642.4pt x 107.90312pt>
File: ./Imagenes/intermedio_codigo.jpg Graphic file (type jpg)
<use ./Imagenes/intermedio_codigo.jpg>
Package pdftex.def Info: ./Imagenes/intermedio_codigo.jpg  used on input line 2
52.
(pdftex.def)             Requested size: 500.77129pt x 84.11633pt.

Overfull \hbox (45.52718pt too wide) in paragraph at lines 252--253
 [][] 
 []

LaTeX Info: Redefining \sptext on input line 256.
LaTeX Info: Redefining \. on input line 256.
LaTeX Info: Redefining \% on input line 256.

Package Fancyhdr Warning: \headheight is too small (13.6pt): 
 Make it at least 14.49998pt.
 We now make it that large for the rest of the document.
 This may cause the page layout to be inconsistent, however.

Package babel Info: Redefining spanish shorthand <<
(babel)             in language  on input line 256.
Package babel Info: Redefining spanish shorthand >>
(babel)             in language  on input line 256.
Package babel Info: Redefining spanish shorthand "=
(babel)             in language  on input line 256.
Package babel Info: Redefining spanish shorthand "~
(babel)             in language  on input line 256.
Package babel Info: Redefining spanish shorthand "!
(babel)             in language  on input line 256.
Package babel Info: Redefining spanish shorthand "?
(babel)             in language  on input line 256.
Package babel Info: Redefining spanish shorthand <<
(babel)             in language  on input line 256.
Package babel Info: Redefining spanish shorthand >>
(babel)             in language  on input line 256.
Package babel Info: Redefining spanish shorthand "=
(babel)             in language  on input line 256.
Package babel Info: Redefining spanish shorthand "~
(babel)             in language  on input line 256.
Package babel Info: Redefining spanish shorthand "!
(babel)             in language  on input line 256.
Package babel Info: Redefining spanish shorthand "?
(babel)             in language  on input line 256.
[7 <./Imagenes/inicio_codigo.jpg> <./Imagenes/intermedio_codigo.jpg>]
<./Imagenes/test_brokerdown.jpg, id=89, 608.2725pt x 219.82124pt>
File: ./Imagenes/test_brokerdown.jpg Graphic file (type jpg)
<use ./Imagenes/test_brokerdown.jpg>
Package pdftex.def Info: ./Imagenes/test_brokerdown.jpg  used on input line 262
.
(pdftex.def)             Requested size: 500.77129pt x 180.97572pt.

Overfull \hbox (45.52718pt too wide) in paragraph at lines 262--263
 [][] 
 []


Underfull \hbox (badness 10000) in paragraph at lines 276--277

 []

LaTeX Info: Redefining \sptext on input line 277.
LaTeX Info: Redefining \. on input line 277.
LaTeX Info: Redefining \% on input line 277.

Package Fancyhdr Warning: \headheight is too small (13.6pt): 
 Make it at least 14.49998pt.
 We now make it that large for the rest of the document.
 This may cause the page layout to be inconsistent, however.

Package babel Info: Redefining spanish shorthand <<
(babel)             in language  on input line 277.
Package babel Info: Redefining spanish shorthand >>
(babel)             in language  on input line 277.
Package babel Info: Redefining spanish shorthand "=
(babel)             in language  on input line 277.
Package babel Info: Redefining spanish shorthand "~
(babel)             in language  on input line 277.
Package babel Info: Redefining spanish shorthand "!
(babel)             in language  on input line 277.
Package babel Info: Redefining spanish shorthand "?
(babel)             in language  on input line 277.
Package babel Info: Redefining spanish shorthand <<
(babel)             in language  on input line 277.
Package babel Info: Redefining spanish shorthand >>
(babel)             in language  on input line 277.
Package babel Info: Redefining spanish shorthand "=
(babel)             in language  on input line 277.
Package babel Info: Redefining spanish shorthand "~
(babel)             in language  on input line 277.
Package babel Info: Redefining spanish shorthand "!
(babel)             in language  on input line 277.
Package babel Info: Redefining spanish shorthand "?
(babel)             in language  on input line 277.
[8 <./Imagenes/test_brokerdown.jpg>]
Underfull \hbox (badness 10000) in paragraph at lines 278--280

 []


Underfull \hbox (badness 10000) in paragraph at lines 281--283

 []

<./Imagenes/fin_codigo.jpg, id=95, 642.4pt x 348.80313pt>
File: ./Imagenes/fin_codigo.jpg Graphic file (type jpg)
<use ./Imagenes/fin_codigo.jpg>
Package pdftex.def Info: ./Imagenes/fin_codigo.jpg  used on input line 292.
(pdftex.def)             Requested size: 500.77129pt x 271.911pt.

Overfull \hbox (45.52718pt too wide) in paragraph at lines 292--293
 [][] 
 []

LaTeX Info: Redefining \sptext on input line 295.
LaTeX Info: Redefining \. on input line 295.
LaTeX Info: Redefining \% on input line 295.

Package Fancyhdr Warning: \headheight is too small (13.6pt): 
 Make it at least 14.49998pt.
 We now make it that large for the rest of the document.
 This may cause the page layout to be inconsistent, however.

Package babel Info: Redefining spanish shorthand <<
(babel)             in language  on input line 295.
Package babel Info: Redefining spanish shorthand >>
(babel)             in language  on input line 295.
Package babel Info: Redefining spanish shorthand "=
(babel)             in language  on input line 295.
Package babel Info: Redefining spanish shorthand "~
(babel)             in language  on input line 295.
Package babel Info: Redefining spanish shorthand "!
(babel)             in language  on input line 295.
Package babel Info: Redefining spanish shorthand "?
(babel)             in language  on input line 295.
Package babel Info: Redefining spanish shorthand <<
(babel)             in language  on input line 295.
Package babel Info: Redefining spanish shorthand >>
(babel)             in language  on input line 295.
Package babel Info: Redefining spanish shorthand "=
(babel)             in language  on input line 295.
Package babel Info: Redefining spanish shorthand "~
(babel)             in language  on input line 295.
Package babel Info: Redefining spanish shorthand "!
(babel)             in language  on input line 295.
Package babel Info: Redefining spanish shorthand "?
(babel)             in language  on input line 295.
[9 <./Imagenes/fin_codigo.jpg>]
Underfull \hbox (badness 10000) in paragraph at lines 296--298

 []

LaTeX Info: Redefining \sptext on input line 311.
LaTeX Info: Redefining \. on input line 311.
LaTeX Info: Redefining \% on input line 311.

Package Fancyhdr Warning: \headheight is too small (13.6pt): 
 Make it at least 14.49998pt.
 We now make it that large for the rest of the document.
 This may cause the page layout to be inconsistent, however.

Package babel Info: Redefining spanish shorthand <<
(babel)             in language  on input line 311.
Package babel Info: Redefining spanish shorthand >>
(babel)             in language  on input line 311.
Package babel Info: Redefining spanish shorthand "=
(babel)             in language  on input line 311.
Package babel Info: Redefining spanish shorthand "~
(babel)             in language  on input line 311.
Package babel Info: Redefining spanish shorthand "!
(babel)             in language  on input line 311.
Package babel Info: Redefining spanish shorthand "?
(babel)             in language  on input line 311.
Package babel Info: Redefining spanish shorthand <<
(babel)             in language  on input line 311.
Package babel Info: Redefining spanish shorthand >>
(babel)             in language  on input line 311.
Package babel Info: Redefining spanish shorthand "=
(babel)             in language  on input line 311.
Package babel Info: Redefining spanish shorthand "~
(babel)             in language  on input line 311.
Package babel Info: Redefining spanish shorthand "!
(babel)             in language  on input line 311.
Package babel Info: Redefining spanish shorthand "?
(babel)             in language  on input line 311.
[10]
Package atveryend Info: Empty hook `BeforeClearDocument' on input line 311.
Package atveryend Info: Empty hook `AfterLastShipout' on input line 311.
 (Tarea_KAFKA.aux
LaTeX Info: Redefining \sptext on input line 32.
LaTeX Info: Redefining \. on input line 32.
LaTeX Info: Redefining \% on input line 32.
)
Package atveryend Info: Executing hook `AtVeryEndDocument' on input line 311.
Package atveryend Info: Executing hook `AtEndAfterFileList' on input line 311.
Package rerunfilecheck Info: File `Tarea_KAFKA.out' has not changed.
(rerunfilecheck)             Checksum: 3EF889CAAB7658C6B0F0C654247A8149;496.
Package logreq Info: Writing requests to 'Tarea_KAFKA.run.xml'.
\openout1 = `Tarea_KAFKA.run.xml'.

 ) 
Here is how much of TeX's memory you used:
 26172 strings out of 492976
 483981 string characters out of 3126751
 918595 words of memory out of 3000000
 29573 multiletter control sequences out of 15000+200000
 13220 words of font info for 51 fonts, out of 3000000 for 9000
 1141 hyphenation exceptions out of 8191
 54i,11n,77p,1158b,1904s stack positions out of 5000i,500n,10000p,200000b,50000s
<C:/Users/alexs/AppData/Local/Programs/MiKTeX 2.9/fonts/type1/public/amsfonts
/cm/cmbx12.pfb><C:/Users/alexs/AppData/Local/Programs/MiKTeX 2.9/fonts/type1/pu
blic/amsfonts/cm/cmcsc10.pfb><C:/Users/alexs/AppData/Local/Programs/MiKTeX 2.9/
fonts/type1/public/amsfonts/cm/cmmi12.pfb><C:/Users/alexs/AppData/Local/Program
s/MiKTeX 2.9/fonts/type1/public/amsfonts/cm/cmr10.pfb><C:/Users/alexs/AppData/L
ocal/Programs/MiKTeX 2.9/fonts/type1/public/amsfonts/cm/cmr12.pfb><C:/Users/ale
xs/AppData/Local/Programs/MiKTeX 2.9/fonts/type1/public/amsfonts/cm/cmr17.pfb><
C:/Users/alexs/AppData/Local/Programs/MiKTeX 2.9/fonts/type1/public/amsfonts/cm
/cmsy10.pfb><C:/Users/alexs/AppData/Local/Programs/MiKTeX 2.9/fonts/type1/publi
c/amsfonts/cm/cmsy8.pfb><C:/Users/alexs/AppData/Local/Programs/MiKTeX 2.9/fonts
/type1/public/amsfonts/cm/cmti12.pfb><C:/Users/alexs/AppData/Local/Programs/MiK
TeX 2.9/fonts/type1/public/amsfonts/cm/cmtt12.pfb>
Output written on Tarea_KAFKA.pdf (10 pages, 898103 bytes).
PDF statistics:
 146 PDF objects out of 1000 (max. 8388607)
 28 named destinations out of 1000 (max. 500000)
 119 words of extra memory for PDF output out of 10000 (max. 10000000)

